Running BrowserMob Proxy using LittleProxy implementation. To revert to the legacy implementation, run the proxy with the command-line option '--use-littleproxy false'.
[INFO  2019-01-09T14:00:42,056 net.lightbody.bmp.proxy.Main] (main) Starting BrowserMob Proxy version 2.1.4 
[INFO  2019-01-09T14:00:42,091 org.eclipse.jetty.util.log] (main) jetty-7.x.y-SNAPSHOT 
[INFO  2019-01-09T14:00:42,306 org.eclipse.jetty.util.log] (main) started o.e.j.s.ServletContextHandler{/,null} 
[INFO  2019-01-09T14:00:42,428 org.eclipse.jetty.util.log] (main) Started SelectChannelConnector@0.0.0.0:8080 
[INFO  2019-01-09T14:00:43,277 org.littleshoot.proxy.impl.DefaultHttpProxyServer] (qtp27380401-15) Starting proxy at address: 0.0.0.0/0.0.0.0:8081 
[INFO  2019-01-09T14:00:43,307 org.littleshoot.proxy.impl.DefaultHttpProxyServer] (qtp27380401-15) Proxy listening with TCP transport 
[INFO  2019-01-09T14:00:43,651 org.littleshoot.proxy.impl.DefaultHttpProxyServer] (qtp27380401-15) Proxy started at address: /0:0:0:0:0:0:0:0:8081 
[INFO  2019-01-09T14:02:10,899 org.littleshoot.proxy.impl.ClientToProxyConnection] (LittleProxy-0-ClientToProxyWorker-5) (AWAITING_INITIAL) [id: 0x5c9cafdf, L:/0:0:0:0:0:0:0:1:8081 - R:/0:0:0:0:0:0:0:1:1616]: An IOException occurred on ClientToProxyConnection: An existing connection was forcibly closed by the remote host 
[INFO  2019-01-09T14:02:10,899 org.littleshoot.proxy.impl.ClientToProxyConnection] (LittleProxy-0-ClientToProxyWorker-3) (AWAITING_INITIAL) [id: 0x645bce52, L:/0:0:0:0:0:0:0:1:8081 - R:/0:0:0:0:0:0:0:1:1594]: An IOException occurred on ClientToProxyConnection: An existing connection was forcibly closed by the remote host 
[INFO  2019-01-09T14:02:10,899 org.littleshoot.proxy.impl.ClientToProxyConnection] (LittleProxy-0-ClientToProxyWorker-6) (AWAITING_INITIAL) [id: 0xd090134a, L:/0:0:0:0:0:0:0:1:8081 - R:/0:0:0:0:0:0:0:1:1617]: An IOException occurred on ClientToProxyConnection: An existing connection was forcibly closed by the remote host 
[INFO  2019-01-09T14:02:10,905 org.littleshoot.proxy.impl.ClientToProxyConnection] (LittleProxy-0-ClientToProxyWorker-7) (AWAITING_INITIAL) [id: 0xd4362558, L:/0:0:0:0:0:0:0:1:8081 - R:/0:0:0:0:0:0:0:1:1578]: An IOException occurred on ClientToProxyConnection: An existing connection was forcibly closed by the remote host 
[INFO  2019-01-09T14:02:10,907 org.littleshoot.proxy.impl.ClientToProxyConnection] (LittleProxy-0-ClientToProxyWorker-2) (AWAITING_INITIAL) [id: 0x38c6468e, L:/0:0:0:0:0:0:0:1:8081 - R:/0:0:0:0:0:0:0:1:1658]: An IOException occurred on ClientToProxyConnection: An existing connection was forcibly closed by the remote host 
[INFO  2019-01-09T14:02:10,907 org.littleshoot.proxy.impl.ClientToProxyConnection] (LittleProxy-0-ClientToProxyWorker-0) (AWAITING_INITIAL) [id: 0x02c213e5, L:/0:0:0:0:0:0:0:1:8081 - R:/0:0:0:0:0:0:0:1:1583]: An IOException occurred on ClientToProxyConnection: An existing connection was forcibly closed by the remote host 
[INFO  2019-01-09T14:02:10,908 org.littleshoot.proxy.impl.ClientToProxyConnection] (LittleProxy-0-ClientToProxyWorker-0) (AWAITING_INITIAL) [id: 0xa862ef96, L:/0:0:0:0:0:0:0:1:8081 - R:/0:0:0:0:0:0:0:1:1508]: An IOException occurred on ClientToProxyConnection: An existing connection was forcibly closed by the remote host 
[INFO  2019-01-09T14:02:10,918 org.littleshoot.proxy.impl.ClientToProxyConnection] (LittleProxy-0-ClientToProxyWorker-2) (AWAITING_INITIAL) [id: 0x0732c9e9, L:/0:0:0:0:0:0:0:1:8081 - R:/0:0:0:0:0:0:0:1:1528]: An IOException occurred on ClientToProxyConnection: An existing connection was forcibly closed by the remote host 
[INFO  2019-01-09T14:02:10,919 org.littleshoot.proxy.impl.ClientToProxyConnection] (LittleProxy-0-ClientToProxyWorker-1) (AWAITING_INITIAL) [id: 0x7429e91a, L:/0:0:0:0:0:0:0:1:8081 - R:/0:0:0:0:0:0:0:1:1657]: An IOException occurred on ClientToProxyConnection: An existing connection was forcibly closed by the remote host 
[INFO  2019-01-09T14:02:10,921 org.littleshoot.proxy.impl.ClientToProxyConnection] (LittleProxy-0-ClientToProxyWorker-2) (AWAITING_INITIAL) [id: 0xa2d6d423, L:/0:0:0:0:0:0:0:1:8081 - R:/0:0:0:0:0:0:0:1:1590]: An IOException occurred on ClientToProxyConnection: An existing connection was forcibly closed by the remote host 
[INFO  2019-01-09T14:02:10,922 org.littleshoot.proxy.impl.ClientToProxyConnection] (LittleProxy-0-ClientToProxyWorker-4) (AWAITING_INITIAL) [id: 0xfcd0bbf4, L:/0:0:0:0:0:0:0:1:8081 - R:/0:0:0:0:0:0:0:1:1615]: An IOException occurred on ClientToProxyConnection: An existing connection was forcibly closed by the remote host 
[INFO  2019-01-09T14:02:10,923 org.littleshoot.proxy.impl.ClientToProxyConnection] (LittleProxy-0-ClientToProxyWorker-3) (AWAITING_INITIAL) [id: 0xca47e99f, L:/0:0:0:0:0:0:0:1:8081 - R:/0:0:0:0:0:0:0:1:1660]: An IOException occurred on ClientToProxyConnection: An existing connection was forcibly closed by the remote host 
[INFO  2019-01-09T14:02:10,923 org.littleshoot.proxy.impl.ClientToProxyConnection] (LittleProxy-0-ClientToProxyWorker-7) (AWAITING_INITIAL) [id: 0xe055f514, L:/0:0:0:0:0:0:0:1:8081 - R:/0:0:0:0:0:0:0:1:1667]: An IOException occurred on ClientToProxyConnection: An existing connection was forcibly closed by the remote host 
[INFO  2019-01-09T14:02:10,923 org.littleshoot.proxy.impl.ClientToProxyConnection] (LittleProxy-0-ClientToProxyWorker-1) (AWAITING_INITIAL) [id: 0x888a4b23, L:/0:0:0:0:0:0:0:1:8081 - R:/0:0:0:0:0:0:0:1:1605]: An IOException occurred on ClientToProxyConnection: An existing connection was forcibly closed by the remote host 
[INFO  2019-01-09T14:02:10,923 org.littleshoot.proxy.impl.ClientToProxyConnection] (LittleProxy-0-ClientToProxyWorker-0) (AWAITING_INITIAL) [id: 0xecdff43c, L:/0:0:0:0:0:0:0:1:8081 - R:/0:0:0:0:0:0:0:1:1603]: An IOException occurred on ClientToProxyConnection: An existing connection was forcibly closed by the remote host 
[INFO  2019-01-09T14:02:10,923 org.littleshoot.proxy.impl.ClientToProxyConnection] (LittleProxy-0-ClientToProxyWorker-2) (AWAITING_INITIAL) [id: 0x64ea95b6, L:/0:0:0:0:0:0:0:1:8081 - R:/0:0:0:0:0:0:0:1:1610]: An IOException occurred on ClientToProxyConnection: An existing connection was forcibly closed by the remote host 
[INFO  2019-01-09T14:02:10,926 org.littleshoot.proxy.impl.ClientToProxyConnection] (LittleProxy-0-ClientToProxyWorker-1) (AWAITING_INITIAL) [id: 0x90859f9f, L:/0:0:0:0:0:0:0:1:8081 - R:/0:0:0:0:0:0:0:1:1620]: An IOException occurred on ClientToProxyConnection: An existing connection was forcibly closed by the remote host 
[INFO  2019-01-09T14:02:10,926 org.littleshoot.proxy.impl.ClientToProxyConnection] (LittleProxy-0-ClientToProxyWorker-7) (AWAITING_INITIAL) [id: 0xce5f915b, L:/0:0:0:0:0:0:0:1:8081 - R:/0:0:0:0:0:0:0:1:1618]: An IOException occurred on ClientToProxyConnection: An existing connection was forcibly closed by the remote host 
[INFO  2019-01-09T14:02:10,926 org.littleshoot.proxy.impl.ClientToProxyConnection] (LittleProxy-0-ClientToProxyWorker-0) (AWAITING_INITIAL) [id: 0x5d813899, L:/0:0:0:0:0:0:0:1:8081 - R:/0:0:0:0:0:0:0:1:1619]: An IOException occurred on ClientToProxyConnection: An existing connection was forcibly closed by the remote host 
[INFO  2019-01-09T14:02:10,926 org.littleshoot.proxy.impl.ClientToProxyConnection] (LittleProxy-0-ClientToProxyWorker-4) (AWAITING_INITIAL) [id: 0x3406f92c, L:/0:0:0:0:0:0:0:1:8081 - R:/0:0:0:0:0:0:0:1:1638]: An IOException occurred on ClientToProxyConnection: An existing connection was forcibly closed by the remote host 
[INFO  2019-01-09T14:02:10,926 org.littleshoot.proxy.impl.ClientToProxyConnection] (LittleProxy-0-ClientToProxyWorker-3) (AWAITING_INITIAL) [id: 0xf4bc2a56, L:/0:0:0:0:0:0:0:1:8081 - R:/0:0:0:0:0:0:0:1:1622]: An IOException occurred on ClientToProxyConnection: An existing connection was forcibly closed by the remote host 
[INFO  2019-01-09T14:02:10,926 org.littleshoot.proxy.impl.ClientToProxyConnection] (LittleProxy-0-ClientToProxyWorker-5) (AWAITING_INITIAL) [id: 0xee521c4e, L:/0:0:0:0:0:0:0:1:8081 - R:/0:0:0:0:0:0:0:1:1662]: An IOException occurred on ClientToProxyConnection: An existing connection was forcibly closed by the remote host 
[INFO  2019-01-09T14:02:10,927 org.littleshoot.proxy.impl.ClientToProxyConnection] (LittleProxy-0-ClientToProxyWorker-0) (AWAITING_INITIAL) [id: 0xbc54ca01, L:/0:0:0:0:0:0:0:1:8081 - R:/0:0:0:0:0:0:0:1:1655]: An IOException occurred on ClientToProxyConnection: An existing connection was forcibly closed by the remote host 
[INFO  2019-01-09T14:02:10,927 org.littleshoot.proxy.impl.ClientToProxyConnection] (LittleProxy-0-ClientToProxyWorker-3) (AWAITING_INITIAL) [id: 0x40ed3235, L:/0:0:0:0:0:0:0:1:8081 - R:/0:0:0:0:0:0:0:1:1688]: An IOException occurred on ClientToProxyConnection: An existing connection was forcibly closed by the remote host 
[INFO  2019-01-09T14:02:10,927 org.littleshoot.proxy.impl.ClientToProxyConnection] (LittleProxy-0-ClientToProxyWorker-6) (AWAITING_INITIAL) [id: 0xd6d30310, L:/0:0:0:0:0:0:0:1:8081 - R:/0:0:0:0:0:0:0:1:1649]: An IOException occurred on ClientToProxyConnection: An existing connection was forcibly closed by the remote host 
